2019-04-16 21:15:41 - PHP Notice:  Undefined index: session in C:\mnserver\OSPanel\domains\yavid.loc\admin\controller\mnblog\blog.php on line 52
2019-04-16 21:15:41 - PHP Warning:  Cannot modify header information - headers already sent by (output started at C:\mnserver\OSPanel\domains\yavid.loc\admin\controller\startup\error.php:34) in C:\mnserver\OSPanel\domains\yavid.loc\system\library\response.php on line 36
2019-04-16 22:22:33 - PHP Notice:  Undefined property: Loader::$document in C:\mnserver\OSPanel\domains\yavid.loc\admin\controller\mnblog\blog.php on line 23
2019-04-19 12:10:46 - PHP Warning:  Cannot modify header information - headers already sent by (output started at C:\mnserver\OSPanel\domains\yavid.loc\admin\controller\mnblog\blog.php:31) in C:\mnserver\OSPanel\domains\yavid.loc\system\library\response.php on line 36
2019-04-19 12:44:57 - PHP Notice:  Undefined index: keyword in C:\mnserver\OSPanel\domains\yavid.loc\admin\controller\mnblog\blog.php on line 213
2019-04-19 12:45:06 - PHP Notice:  Undefined index: keyword in C:\mnserver\OSPanel\domains\yavid.loc\admin\controller\mnblog\blog.php on line 213
2019-04-19 12:52:35 - PHP Notice:  Undefined index: seo_url_id in C:\mnserver\OSPanel\domains\yavid.loc\admin\controller\mnblog\blog.php on line 43
2019-04-19 12:52:35 - PHP Warning:  Cannot modify header information - headers already sent by (output started at C:\mnserver\OSPanel\domains\yavid.loc\admin\controller\startup\error.php:34) in C:\mnserver\OSPanel\domains\yavid.loc\system\library\response.php on line 36
2019-04-19 13:13:04 - PHP Notice:  Undefined index: seo_url_id in C:\mnserver\OSPanel\domains\yavid.loc\admin\controller\mnblog\blog.php on line 316
2019-04-19 13:13:04 - PHP Notice:  Undefined index: seo_url_id in C:\mnserver\OSPanel\domains\yavid.loc\admin\controller\mnblog\blog.php on line 316
2019-04-19 13:13:04 - PHP Warning:  Cannot modify header information - headers already sent by (output started at C:\mnserver\OSPanel\domains\yavid.loc\admin\controller\startup\error.php:34) in C:\mnserver\OSPanel\domains\yavid.loc\system\library\response.php on line 36
2019-04-19 13:17:12 - PHP Notice:  Undefined variable: product_info in C:\mnserver\OSPanel\domains\yavid.loc\admin\controller\mnblog\blog.php on line 202
2019-04-19 13:17:27 - PHP Notice:  Undefined index: iamge in C:\mnserver\OSPanel\domains\yavid.loc\admin\controller\mnblog\blog.php on line 203
2019-04-19 13:17:35 - PHP Notice:  Undefined variable: product_info in C:\mnserver\OSPanel\domains\yavid.loc\admin\controller\mnblog\blog.php on line 203
2019-04-19 13:19:41 - PHP Warning:  preg_match() expects parameter 2 to be string, array given in C:\mnserver\OSPanel\domains\yavid.loc\admin\controller\mnblog\blog.php on line 294
2019-04-19 13:19:41 - PHP Warning:  Cannot modify header information - headers already sent by (output started at C:\mnserver\OSPanel\domains\yavid.loc\admin\controller\startup\error.php:34) in C:\mnserver\OSPanel\domains\yavid.loc\system\library\response.php on line 36
2019-04-19 13:20:34 - PHP Warning:  preg_match(): Delimiter must not be alphanumeric or backslash in C:\mnserver\OSPanel\domains\yavid.loc\admin\controller\mnblog\blog.php on line 294
2019-04-19 13:20:34 - PHP Warning:  Cannot modify header information - headers already sent by (output started at C:\mnserver\OSPanel\domains\yavid.loc\admin\controller\startup\error.php:34) in C:\mnserver\OSPanel\domains\yavid.loc\system\library\response.php on line 36
2019-04-19 15:58:29 - PHP Notice:  Undefined index: title in C:\mnserver\OSPanel\domains\yavid.loc\admin\controller\mnservices\services.php on line 57
2019-04-19 15:58:29 - PHP Notice:  Undefined index: title in C:\mnserver\OSPanel\domains\yavid.loc\admin\controller\mnservices\services.php on line 57
2019-04-19 17:17:09 - PHP Notice:  Undefined index: short_content in C:\mnserver\OSPanel\domains\yavid.loc\admin\model\mnservices\services.php on line 6
2019-04-19 17:17:09 - PHP Notice:  Undefined index: content in C:\mnserver\OSPanel\domains\yavid.loc\admin\model\mnservices\services.php on line 6
2019-04-19 17:17:09 - PHP Warning:  Cannot modify header information - headers already sent by (output started at C:\mnserver\OSPanel\domains\yavid.loc\admin\controller\startup\error.php:34) in C:\mnserver\OSPanel\domains\yavid.loc\system\library\response.php on line 36
2019-04-19 17:21:46 - PHP Notice:  Undefined index: short_content in C:\mnserver\OSPanel\domains\yavid.loc\admin\model\mnservices\services.php on line 14
2019-04-19 17:21:46 - PHP Notice:  Undefined index: content in C:\mnserver\OSPanel\domains\yavid.loc\admin\model\mnservices\services.php on line 14
2019-04-19 17:22:48 - PHP Notice:  Undefined index: content in C:\mnserver\OSPanel\domains\yavid.loc\admin\model\mnservices\services.php on line 14
2019-04-19 17:22:48 - PHP Notice:  Undefined index: seo_url_id in C:\mnserver\OSPanel\domains\yavid.loc\admin\controller\mnservices\services.php on line 67
2019-04-19 17:22:48 - PHP Warning:  Cannot modify header information - headers already sent by (output started at C:\mnserver\OSPanel\domains\yavid.loc\admin\controller\startup\error.php:34) in C:\mnserver\OSPanel\domains\yavid.loc\system\library\response.php on line 36
2019-04-19 17:23:16 - PHP Notice:  Undefined index: seo_url_id in C:\mnserver\OSPanel\domains\yavid.loc\admin\controller\mnservices\services.php on line 67
2019-04-19 17:23:16 - PHP Warning:  Cannot modify header information - headers already sent by (output started at C:\mnserver\OSPanel\domains\yavid.loc\admin\controller\startup\error.php:34) in C:\mnserver\OSPanel\domains\yavid.loc\system\library\response.php on line 36
2019-04-30 9:19:22 - PHP Warning:  unlink(C:/mnserver/OSPanel/domains/yavid.loc/system/storage/cache/cache.catalog.language.1556619561): Permission denied in C:\mnserver\OSPanel\domains\yavid.loc\system\library\cache\file.php on line 68
2019-05-01 16:18:49 - PHP Warning:  str_replace() expects at least 3 parameters, 2 given in C:\mnserver\OSPanel\domains\yavid.loc\system\library\mnpagination.php on line 33
2019-05-01 17:29:34 - PHP Warning:  A non-numeric value encountered in C:\mnserver\OSPanel\domains\yavid.loc\system\library\mnpagination.php on line 69
2019-05-01 17:29:34 - PHP Warning:  A non-numeric value encountered in C:\mnserver\OSPanel\domains\yavid.loc\system\library\mnpagination.php on line 69
2019-05-01 17:29:34 - PHP Warning:  A non-numeric value encountered in C:\mnserver\OSPanel\domains\yavid.loc\system\library\mnpagination.php on line 69
2019-05-01 17:29:35 - PHP Warning:  A non-numeric value encountered in C:\mnserver\OSPanel\domains\yavid.loc\system\library\mnpagination.php on line 69
2019-05-01 17:29:35 - PHP Warning:  A non-numeric value encountered in C:\mnserver\OSPanel\domains\yavid.loc\system\library\mnpagination.php on line 69
2019-05-01 17:29:35 - PHP Warning:  A non-numeric value encountered in C:\mnserver\OSPanel\domains\yavid.loc\system\library\mnpagination.php on line 69
2019-05-01 17:43:29 - PHP Notice:  Undefined variable: addLast in C:\mnserver\OSPanel\domains\yavid.loc\system\library\mnpagination.php on line 73
2019-05-01 17:43:29 - PHP Notice:  Undefined variable: addNext in C:\mnserver\OSPanel\domains\yavid.loc\system\library\mnpagination.php on line 77
2019-05-02 11:26:14 - PHP Notice:  Undefined variable: 1 in C:\mnserver\OSPanel\domains\yavid.loc\catalog\model\mnblog\blog.php on line 7
2019-05-02 11:28:22 - PHP Notice:  Undefined variable: 1 in C:\mnserver\OSPanel\domains\yavid.loc\catalog\model\mnblog\blog.php on line 7
2019-05-02 11:28:28 - PHP Notice:  Undefined variable: 1 in C:\mnserver\OSPanel\domains\yavid.loc\catalog\model\mnblog\blog.php on line 7
2019-05-02 11:29:05 - PHP Notice:  Undefined variable: 1 in C:\mnserver\OSPanel\domains\yavid.loc\catalog\model\mnblog\blog.php on line 8
2019-05-02 11:37:24 - PHP Notice:  Undefined index: seo_url_id in C:\mnserver\OSPanel\domains\yavid.loc\admin\controller\mnblog\blog.php on line 316
2019-05-02 11:37:24 - PHP Notice:  Undefined index: seo_url_id in C:\mnserver\OSPanel\domains\yavid.loc\admin\controller\mnblog\blog.php on line 316
2019-05-02 11:37:24 - PHP Notice:  Undefined index: seo_url_id in C:\mnserver\OSPanel\domains\yavid.loc\admin\controller\mnblog\blog.php on line 316
2019-05-02 11:37:24 - PHP Notice:  Undefined index: seo_url_id in C:\mnserver\OSPanel\domains\yavid.loc\admin\controller\mnblog\blog.php on line 316
2019-05-02 11:37:24 - PHP Notice:  Undefined index: seo_url_id in C:\mnserver\OSPanel\domains\yavid.loc\admin\controller\mnblog\blog.php on line 316
2019-05-02 11:37:24 - PHP Notice:  Undefined index: seo_url_id in C:\mnserver\OSPanel\domains\yavid.loc\admin\controller\mnblog\blog.php on line 316
2019-05-02 11:37:24 - PHP Notice:  Undefined index: seo_url_id in C:\mnserver\OSPanel\domains\yavid.loc\admin\controller\mnblog\blog.php on line 316
2019-05-02 11:37:24 - PHP Notice:  Undefined index: seo_url_id in C:\mnserver\OSPanel\domains\yavid.loc\admin\controller\mnblog\blog.php on line 316
2019-05-02 11:37:24 - PHP Notice:  Undefined index: seo_url_id in C:\mnserver\OSPanel\domains\yavid.loc\admin\controller\mnblog\blog.php on line 316
2019-05-02 11:37:24 - PHP Notice:  Undefined index: seo_url_id in C:\mnserver\OSPanel\domains\yavid.loc\admin\controller\mnblog\blog.php on line 316
2019-05-02 11:37:24 - PHP Notice:  Undefined index: seo_url_id in C:\mnserver\OSPanel\domains\yavid.loc\admin\controller\mnblog\blog.php on line 316
2019-05-02 11:37:24 - PHP Notice:  Undefined index: seo_url_id in C:\mnserver\OSPanel\domains\yavid.loc\admin\controller\mnblog\blog.php on line 316
2019-05-02 11:37:24 - PHP Notice:  Undefined index: seo_url_id in C:\mnserver\OSPanel\domains\yavid.loc\admin\controller\mnblog\blog.php on line 316
2019-05-02 11:37:24 - PHP Notice:  Undefined index: seo_url_id in C:\mnserver\OSPanel\domains\yavid.loc\admin\controller\mnblog\blog.php on line 316
2019-05-02 11:37:24 - PHP Notice:  Undefined index: seo_url_id in C:\mnserver\OSPanel\domains\yavid.loc\admin\controller\mnblog\blog.php on line 316
2019-05-02 11:37:24 - PHP Notice:  Undefined index: seo_url_id in C:\mnserver\OSPanel\domains\yavid.loc\admin\controller\mnblog\blog.php on line 316
2019-05-02 11:37:24 - PHP Warning:  Cannot modify header information - headers already sent by (output started at C:\mnserver\OSPanel\domains\yavid.loc\admin\controller\startup\error.php:34) in C:\mnserver\OSPanel\domains\yavid.loc\system\library\response.php on line 36
2019-05-02 11:58:40 - PHP Unknown:  Object of class DB could not be converted to string in C:\mnserver\OSPanel\domains\yavid.loc\catalog\model\mnblog\blog.php on line 11
2019-05-02 11:58:40 - PHP Unknown:  Object of class stdClass could not be converted to string in C:\mnserver\OSPanel\domains\yavid.loc\catalog\model\mnblog\blog.php on line 11
2019-05-02 11:58:48 - PHP Unknown:  Object of class stdClass could not be converted to string in C:\mnserver\OSPanel\domains\yavid.loc\catalog\model\mnblog\blog.php on line 11
2019-05-02 11:58:49 - PHP Unknown:  Object of class stdClass could not be converted to string in C:\mnserver\OSPanel\domains\yavid.loc\catalog\model\mnblog\blog.php on line 11
2019-05-02 13:30:50 - PHP Notice:  Array to string conversion in C:\mnserver\OSPanel\domains\yavid.loc\system\library\template\Twig\Environment.php(403) : eval()'d code on line 110
2019-05-02 13:30:50 - PHP Notice:  Array to string conversion in C:\mnserver\OSPanel\domains\yavid.loc\system\library\template\Twig\Environment.php(403) : eval()'d code on line 110
2019-05-02 13:30:50 - PHP Notice:  Array to string conversion in C:\mnserver\OSPanel\domains\yavid.loc\system\library\template\Twig\Environment.php(403) : eval()'d code on line 110
2019-05-02 13:30:50 - PHP Notice:  Array to string conversion in C:\mnserver\OSPanel\domains\yavid.loc\system\library\template\Twig\Environment.php(403) : eval()'d code on line 110
2019-05-02 13:30:50 - PHP Notice:  Array to string conversion in C:\mnserver\OSPanel\domains\yavid.loc\system\library\template\Twig\Environment.php(403) : eval()'d code on line 110
2019-05-02 13:32:40 - PHP Notice:  Array to string conversion in C:\mnserver\OSPanel\domains\yavid.loc\system\library\template\Twig\Environment.php(403) : eval()'d code on line 110
2019-05-02 13:32:40 - PHP Notice:  Array to string conversion in C:\mnserver\OSPanel\domains\yavid.loc\system\library\template\Twig\Environment.php(403) : eval()'d code on line 110
2019-05-02 13:32:40 - PHP Notice:  Array to string conversion in C:\mnserver\OSPanel\domains\yavid.loc\system\library\template\Twig\Environment.php(403) : eval()'d code on line 110
2019-05-02 13:32:40 - PHP Notice:  Array to string conversion in C:\mnserver\OSPanel\domains\yavid.loc\system\library\template\Twig\Environment.php(403) : eval()'d code on line 110
2019-05-02 13:32:40 - PHP Notice:  Array to string conversion in C:\mnserver\OSPanel\domains\yavid.loc\system\library\template\Twig\Environment.php(403) : eval()'d code on line 110
2019-05-02 13:34:06 - PHP Notice:  Array to string conversion in C:\mnserver\OSPanel\domains\yavid.loc\system\library\template\Twig\Environment.php(403) : eval()'d code on line 110
2019-05-02 13:34:06 - PHP Notice:  Array to string conversion in C:\mnserver\OSPanel\domains\yavid.loc\system\library\template\Twig\Environment.php(403) : eval()'d code on line 110
2019-05-02 13:34:06 - PHP Notice:  Array to string conversion in C:\mnserver\OSPanel\domains\yavid.loc\system\library\template\Twig\Environment.php(403) : eval()'d code on line 110
2019-05-02 13:34:06 - PHP Notice:  Array to string conversion in C:\mnserver\OSPanel\domains\yavid.loc\system\library\template\Twig\Environment.php(403) : eval()'d code on line 110
2019-05-02 13:34:06 - PHP Notice:  Array to string conversion in C:\mnserver\OSPanel\domains\yavid.loc\system\library\template\Twig\Environment.php(403) : eval()'d code on line 110
2019-05-02 13:34:24 - PHP Notice:  Undefined index: seo_url_id in C:\mnserver\OSPanel\domains\yavid.loc\admin\controller\mnblog\blog.php on line 43
2019-05-02 13:34:24 - PHP Warning:  Cannot modify header information - headers already sent by (output started at C:\mnserver\OSPanel\domains\yavid.loc\admin\controller\startup\error.php:34) in C:\mnserver\OSPanel\domains\yavid.loc\system\library\response.php on line 36
2019-05-02 13:35:00 - PHP Notice:  Undefined index: seo_url_id in C:\mnserver\OSPanel\domains\yavid.loc\admin\controller\mnblog\blog.php on line 43
2019-05-02 13:35:00 - PHP Warning:  Cannot modify header information - headers already sent by (output started at C:\mnserver\OSPanel\domains\yavid.loc\admin\controller\mnblog\blog.php:40) in C:\mnserver\OSPanel\domains\yavid.loc\system\library\response.php on line 36
2019-05-02 13:37:40 - PHP Notice:  Array to string conversion in C:\mnserver\OSPanel\domains\yavid.loc\system\library\template\Twig\Environment.php(403) : eval()'d code on line 110
2019-05-02 13:37:40 - PHP Notice:  Array to string conversion in C:\mnserver\OSPanel\domains\yavid.loc\system\library\template\Twig\Environment.php(403) : eval()'d code on line 110
2019-05-02 13:37:40 - PHP Notice:  Array to string conversion in C:\mnserver\OSPanel\domains\yavid.loc\system\library\template\Twig\Environment.php(403) : eval()'d code on line 110
2019-05-02 13:37:40 - PHP Notice:  Array to string conversion in C:\mnserver\OSPanel\domains\yavid.loc\system\library\template\Twig\Environment.php(403) : eval()'d code on line 110
2019-05-02 13:37:40 - PHP Notice:  Array to string conversion in C:\mnserver\OSPanel\domains\yavid.loc\system\library\template\Twig\Environment.php(403) : eval()'d code on line 110
2019-05-02 13:38:25 - PHP Notice:  Array to string conversion in C:\mnserver\OSPanel\domains\yavid.loc\system\library\template\Twig\Environment.php(403) : eval()'d code on line 110
2019-05-02 13:38:25 - PHP Notice:  Array to string conversion in C:\mnserver\OSPanel\domains\yavid.loc\system\library\template\Twig\Environment.php(403) : eval()'d code on line 110
2019-05-02 13:38:25 - PHP Notice:  Array to string conversion in C:\mnserver\OSPanel\domains\yavid.loc\system\library\template\Twig\Environment.php(403) : eval()'d code on line 110
2019-05-02 13:38:25 - PHP Notice:  Array to string conversion in C:\mnserver\OSPanel\domains\yavid.loc\system\library\template\Twig\Environment.php(403) : eval()'d code on line 110
2019-05-02 13:39:34 - PHP Warning:  A non-numeric value encountered in C:\mnserver\OSPanel\domains\yavid.loc\system\library\template\Twig\Environment.php(403) : eval()'d code on line 110
2019-05-02 13:39:34 - PHP Warning:  A non-numeric value encountered in C:\mnserver\OSPanel\domains\yavid.loc\system\library\template\Twig\Environment.php(403) : eval()'d code on line 110
2019-05-02 13:39:34 - PHP Warning:  A non-numeric value encountered in C:\mnserver\OSPanel\domains\yavid.loc\system\library\template\Twig\Environment.php(403) : eval()'d code on line 110
2019-05-02 13:39:34 - PHP Warning:  A non-numeric value encountered in C:\mnserver\OSPanel\domains\yavid.loc\system\library\template\Twig\Environment.php(403) : eval()'d code on line 110
2019-05-02 15:15:22 - PHP Unknown:  Object of class stdClass could not be converted to string in C:\mnserver\OSPanel\domains\yavid.loc\catalog\model\mnblog\blog.php on line 7
2019-05-02 15:15:22 - PHP Notice:  Trying to get property of non-object in C:\mnserver\OSPanel\domains\yavid.loc\catalog\model\mnblog\blog.php on line 11
2019-05-02 15:15:22 - PHP Warning:  Invalid argument supplied for foreach() in C:\mnserver\OSPanel\domains\yavid.loc\catalog\controller\mnblog\blog.php on line 49
2019-05-02 16:47:27 - PHP Notice:  Undefined index: page in C:\mnserver\OSPanel\domains\yavid.loc\catalog\controller\mnblog\blog.php on line 65
2019-05-02 16:50:35 - PHP Notice:  Undefined index: seo_url_id in C:\mnserver\OSPanel\domains\yavid.loc\admin\controller\mnblog\blog.php on line 324
2019-05-02 16:50:35 - PHP Notice:  Undefined index: seo_url_id in C:\mnserver\OSPanel\domains\yavid.loc\admin\controller\mnblog\blog.php on line 324
2019-05-02 16:50:35 - PHP Notice:  Undefined index: seo_url_id in C:\mnserver\OSPanel\domains\yavid.loc\admin\controller\mnblog\blog.php on line 324
2019-05-02 16:50:35 - PHP Notice:  Undefined index: seo_url_id in C:\mnserver\OSPanel\domains\yavid.loc\admin\controller\mnblog\blog.php on line 324
2019-05-02 16:50:35 - PHP Notice:  Undefined index: seo_url_id in C:\mnserver\OSPanel\domains\yavid.loc\admin\controller\mnblog\blog.php on line 324
2019-05-02 16:50:35 - PHP Notice:  Undefined index: seo_url_id in C:\mnserver\OSPanel\domains\yavid.loc\admin\controller\mnblog\blog.php on line 324
2019-05-02 16:50:35 - PHP Notice:  Undefined index: seo_url_id in C:\mnserver\OSPanel\domains\yavid.loc\admin\controller\mnblog\blog.php on line 324
2019-05-02 16:50:35 - PHP Notice:  Undefined index: seo_url_id in C:\mnserver\OSPanel\domains\yavid.loc\admin\controller\mnblog\blog.php on line 324
2019-05-02 16:50:35 - PHP Notice:  Undefined index: seo_url_id in C:\mnserver\OSPanel\domains\yavid.loc\admin\controller\mnblog\blog.php on line 324
2019-05-02 16:50:35 - PHP Notice:  Undefined index: seo_url_id in C:\mnserver\OSPanel\domains\yavid.loc\admin\controller\mnblog\blog.php on line 324
2019-05-02 16:50:35 - PHP Warning:  Cannot modify header information - headers already sent by (output started at C:\mnserver\OSPanel\domains\yavid.loc\admin\controller\startup\error.php:34) in C:\mnserver\OSPanel\domains\yavid.loc\system\library\response.php on line 36
2019-05-02 17:28:04 - PHP Notice:  Array to string conversion in C:\mnserver\OSPanel\domains\yavid.loc\catalog\controller\mnstock\stock.php on line 58
2019-05-02 17:28:04 - PHP Notice:  Undefined variable: Array in C:\mnserver\OSPanel\domains\yavid.loc\catalog\controller\mnstock\stock.php on line 58
2019-05-02 17:28:25 - PHP Notice:  Undefined index: article_id in C:\mnserver\OSPanel\domains\yavid.loc\catalog\controller\mnstock\stock.php on line 58
2019-05-03 10:55:15 - PHP Notice:  Undefined index: content in C:\mnserver\OSPanel\domains\yavid.loc\admin\model\mnservices\services.php on line 14
2019-05-03 10:55:15 - PHP Warning:  Cannot modify header information - headers already sent by (output started at C:\mnserver\OSPanel\domains\yavid.loc\admin\controller\startup\error.php:34) in C:\mnserver\OSPanel\domains\yavid.loc\system\library\response.php on line 36
2019-05-03 10:55:47 - PHP Notice:  Undefined index: content in C:\mnserver\OSPanel\domains\yavid.loc\admin\model\mnservices\services.php on line 14
2019-05-03 10:55:47 - PHP Warning:  Cannot modify header information - headers already sent by (output started at C:\mnserver\OSPanel\domains\yavid.loc\admin\controller\startup\error.php:34) in C:\mnserver\OSPanel\domains\yavid.loc\system\library\response.php on line 36
2019-05-03 12:23:41 - PHP Notice:  Undefined index: seo_url_id in C:\mnserver\OSPanel\domains\yavid.loc\admin\controller\mnservices\services.php on line 77
2019-05-03 12:23:41 - PHP Warning:  Cannot modify header information - headers already sent by (output started at C:\mnserver\OSPanel\domains\yavid.loc\admin\controller\startup\error.php:34) in C:\mnserver\OSPanel\domains\yavid.loc\system\library\response.php on line 36
2019-05-03 12:24:28 - PHP Warning:  Cannot modify header information - headers already sent by (output started at C:\mnserver\OSPanel\domains\yavid.loc\admin\controller\mnservices\services.php:68) in C:\mnserver\OSPanel\domains\yavid.loc\system\library\response.php on line 36
2019-05-03 12:24:48 - PHP Warning:  Cannot modify header information - headers already sent by (output started at C:\mnserver\OSPanel\domains\yavid.loc\admin\controller\mnservices\services.php:68) in C:\mnserver\OSPanel\domains\yavid.loc\system\library\response.php on line 36
2019-05-03 12:25:34 - PHP Notice:  Undefined index: seo_url_id in C:\mnserver\OSPanel\domains\yavid.loc\admin\controller\mnservices\services.php on line 77
2019-05-03 12:25:34 - PHP Warning:  Cannot modify header information - headers already sent by (output started at C:\mnserver\OSPanel\domains\yavid.loc\admin\controller\startup\error.php:34) in C:\mnserver\OSPanel\domains\yavid.loc\system\library\response.php on line 36
2019-05-03 12:33:09 - PHP Notice:  Undefined index: seo_url in C:\mnserver\OSPanel\domains\yavid.loc\admin\controller\mnservices\services.php on line 34
2019-05-03 12:33:09 - PHP Warning:  Cannot modify header information - headers already sent by (output started at C:\mnserver\OSPanel\domains\yavid.loc\admin\controller\startup\error.php:34) in C:\mnserver\OSPanel\domains\yavid.loc\system\library\response.php on line 36
2019-05-03 17:36:56 - PHP Warning:  Invalid argument supplied for foreach() in C:\mnserver\OSPanel\domains\yavid.loc\admin\controller\mnkitchen\kitchen.php on line 38
2019-05-03 17:42:51 - PHP Warning:  Invalid argument supplied for foreach() in C:\mnserver\OSPanel\domains\yavid.loc\admin\controller\mnkitchen\kitchen.php on line 38
2019-05-03 17:50:32 - PHP Notice:  Undefined index: path in C:\mnserver\OSPanel\domains\yavid.loc\admin\controller\mnkitchen\kitchen.php on line 40
2019-05-03 17:51:01 - PHP Notice:  Undefined index: path in C:\mnserver\OSPanel\domains\yavid.loc\admin\controller\mnkitchen\kitchen.php on line 40
2019-05-07 12:25:06 - PHP Warning:  Invalid argument supplied for foreach() in C:\mnserver\OSPanel\domains\yavid.loc\admin\controller\mnkitchen\kitchen.php on line 54
2019-05-07 12:36:44 - PHP Notice:  Trying to get property of non-object in C:\mnserver\OSPanel\domains\yavid.loc\admin\controller\mnkitchen\kitchen.php on line 226
2019-05-07 20:11:15 - PHP Notice:  Use of undefined constant image - assumed 'image' in C:\mnserver\OSPanel\domains\yavid.loc\admin\controller\mnkitchen\kitchen.php on line 40
2019-05-07 20:11:15 - PHP Notice:  Use of undefined constant image - assumed 'image' in C:\mnserver\OSPanel\domains\yavid.loc\admin\controller\mnkitchen\kitchen.php on line 40
2019-05-07 20:11:15 - PHP Warning:  Cannot modify header information - headers already sent by (output started at C:\mnserver\OSPanel\domains\yavid.loc\admin\controller\startup\error.php:34) in C:\mnserver\OSPanel\domains\yavid.loc\system\library\response.php on line 36
2019-05-10 12:06:26 - PHP Warning:  Cannot modify header information - headers already sent by (output started at C:\mnserver\OSPanel\domains\yavid.loc\admin\controller\mnkitchen\kitchen.php:49) in C:\mnserver\OSPanel\domains\yavid.loc\system\library\response.php on line 36
2019-05-10 12:15:11 - PHP Warning:  Cannot modify header information - headers already sent by (output started at C:\mnserver\OSPanel\domains\yavid.loc\admin\controller\mnkitchen\kitchen.php:52) in C:\mnserver\OSPanel\domains\yavid.loc\system\library\response.php on line 36
2019-05-10 13:52:49 - PHP Notice:  Undefined index: category in C:\mnserver\OSPanel\domains\yavid.loc\admin\controller\mnkitchen\kitchen.php on line 352
2019-05-10 14:33:09 - PHP Warning:  Illegal string offset 'image' in C:\mnserver\OSPanel\domains\yavid.loc\admin\controller\mnkitchen\kitchen.php on line 294
2019-05-10 14:35:34 - PHP Notice:  Undefined index: product_category in C:\mnserver\OSPanel\domains\yavid.loc\admin\controller\mnkitchen\kitchen.php on line 27
2019-05-10 14:35:34 - PHP Notice:  Undefined index: kitchen_id in C:\mnserver\OSPanel\domains\yavid.loc\admin\controller\mnkitchen\kitchen.php on line 39
2019-05-10 14:35:34 - PHP Notice:  Undefined index: kitchen_id in C:\mnserver\OSPanel\domains\yavid.loc\admin\controller\mnkitchen\kitchen.php on line 49
2019-05-10 14:36:18 - PHP Notice:  Undefined index: product_category in C:\mnserver\OSPanel\domains\yavid.loc\admin\controller\mnkitchen\kitchen.php on line 27
2019-05-10 14:36:18 - PHP Notice:  Undefined index: kitchen_id in C:\mnserver\OSPanel\domains\yavid.loc\admin\controller\mnkitchen\kitchen.php on line 39
2019-05-10 14:36:18 - PHP Notice:  Undefined index: kitchen_id in C:\mnserver\OSPanel\domains\yavid.loc\admin\controller\mnkitchen\kitchen.php on line 49
2019-05-10 14:37:03 - PHP Notice:  Undefined index: product_category in C:\mnserver\OSPanel\domains\yavid.loc\admin\controller\mnkitchen\kitchen.php on line 27
2019-05-10 14:38:13 - PHP Notice:  Undefined index: product_category in C:\mnserver\OSPanel\domains\yavid.loc\admin\controller\mnkitchen\kitchen.php on line 27
2019-05-10 14:38:23 - PHP Notice:  Undefined index: product_category in C:\mnserver\OSPanel\domains\yavid.loc\admin\controller\mnkitchen\kitchen.php on line 27
2019-05-10 14:38:48 - PHP Notice:  Undefined index: product_category in C:\mnserver\OSPanel\domains\yavid.loc\admin\controller\mnkitchen\kitchen.php on line 27
2019-05-10 14:38:48 - PHP Notice:  Undefined index: kitchen_id in C:\mnserver\OSPanel\domains\yavid.loc\admin\controller\mnkitchen\kitchen.php on line 47
2019-05-10 14:38:48 - PHP Notice:  Undefined index: kitchen_id in C:\mnserver\OSPanel\domains\yavid.loc\admin\controller\mnkitchen\kitchen.php on line 57
2019-05-10 14:39:45 - PHP Notice:  Undefined index: product_category in C:\mnserver\OSPanel\domains\yavid.loc\admin\controller\mnkitchen\kitchen.php on line 27
2019-05-10 14:39:45 - PHP Notice:  Undefined index: kitchen_id in C:\mnserver\OSPanel\domains\yavid.loc\admin\controller\mnkitchen\kitchen.php on line 57
2019-05-10 15:25:17 - PHP Notice:  Undefined variable: seo_item in C:\mnserver\OSPanel\domains\yavid.loc\admin\controller\mnkitchen\kitchen.php on line 439
2019-05-10 15:26:11 - PHP Notice:  Undefined variable: seo_url in C:\mnserver\OSPanel\domains\yavid.loc\admin\controller\mnkitchen\kitchen.php on line 437
2019-05-10 15:41:25 - PHP Warning:  preg_match(): Delimiter must not be alphanumeric or backslash in C:\mnserver\OSPanel\domains\yavid.loc\admin\controller\mnkitchen\kitchen.php on line 599
2019-05-10 15:41:53 - PHP Warning:  preg_match(): Delimiter must not be alphanumeric or backslash in C:\mnserver\OSPanel\domains\yavid.loc\admin\controller\mnkitchen\kitchen.php on line 599
2019-05-10 15:45:23 - PHP Notice:  Undefined index: kitchen_id in C:\mnserver\OSPanel\domains\yavid.loc\admin\controller\mnkitchen\kitchen.php on line 259
2019-05-10 16:27:19 - PHP Notice:  Undefined index: kitchen_id in C:\mnserver\OSPanel\domains\yavid.loc\admin\controller\mnkitchen\kitchen.php on line 599
2019-05-10 16:27:19 - PHP Warning:  Cannot modify header information - headers already sent by (output started at C:\mnserver\OSPanel\domains\yavid.loc\admin\controller\startup\error.php:34) in C:\mnserver\OSPanel\domains\yavid.loc\system\library\response.php on line 36
2019-05-10 19:57:06 - PHP Warning:  header() expects parameter 3 to be integer, string given in C:\mnserver\OSPanel\domains\yavid.loc\system\library\response.php on line 36
2019-05-10 19:57:14 - PHP Warning:  header() expects parameter 3 to be integer, string given in C:\mnserver\OSPanel\domains\yavid.loc\system\library\response.php on line 36
2019-05-10 19:57:39 - PHP Notice:  Array to string conversion in C:\mnserver\OSPanel\domains\yavid.loc\admin\model\tool\image.php on line 4
2019-05-10 19:57:40 - PHP Notice:  Array to string conversion in C:\mnserver\OSPanel\domains\yavid.loc\system\library\template\Twig\Environment.php(403) : eval()'d code on line 286
2019-05-10 19:57:54 - PHP Notice:  Array to string conversion in C:\mnserver\OSPanel\domains\yavid.loc\admin\model\tool\image.php on line 4
2019-05-10 19:57:54 - PHP Notice:  Array to string conversion in C:\mnserver\OSPanel\domains\yavid.loc\system\library\template\Twig\Environment.php(403) : eval()'d code on line 286
2019-05-11 13:57:55 - PHP Warning:  Invalid argument supplied for foreach() in C:\mnserver\OSPanel\domains\yavid.loc\catalog\controller\product\category.php on line 63
2019-05-11 13:59:45 - PHP Notice:  Use of undefined constant data - assumed 'data' in C:\mnserver\OSPanel\domains\yavid.loc\catalog\controller\product\category.php on line 71
2019-05-11 13:59:45 - PHP Warning:  Illegal string offset 'kitchens' in C:\mnserver\OSPanel\domains\yavid.loc\catalog\controller\product\category.php on line 71
2019-05-12 16:01:31 - PHP Notice:  Undefined index: color in C:\mnserver\OSPanel\domains\yavid.loc\catalog\controller\mnkitchen\kitchen.php on line 31
2019-05-12 16:01:31 - PHP Notice:  Undefined index: color in C:\mnserver\OSPanel\domains\yavid.loc\catalog\controller\mnkitchen\kitchen.php on line 31
2019-05-12 16:01:31 - PHP Notice:  Undefined index: color in C:\mnserver\OSPanel\domains\yavid.loc\catalog\controller\mnkitchen\kitchen.php on line 31
2019-05-12 16:01:31 - PHP Notice:  Undefined index: color in C:\mnserver\OSPanel\domains\yavid.loc\catalog\controller\mnkitchen\kitchen.php on line 31
2019-05-12 16:01:31 - PHP Notice:  Undefined index: color in C:\mnserver\OSPanel\domains\yavid.loc\catalog\controller\mnkitchen\kitchen.php on line 31
2019-05-12 16:01:31 - PHP Notice:  Undefined index: color in C:\mnserver\OSPanel\domains\yavid.loc\catalog\controller\mnkitchen\kitchen.php on line 31
2019-05-12 16:01:31 - PHP Notice:  Undefined index: color in C:\mnserver\OSPanel\domains\yavid.loc\catalog\controller\mnkitchen\kitchen.php on line 31
2019-05-12 16:01:31 - PHP Notice:  Undefined index: color in C:\mnserver\OSPanel\domains\yavid.loc\catalog\controller\mnkitchen\kitchen.php on line 31
2019-05-12 16:01:31 - PHP Notice:  Undefined index: color in C:\mnserver\OSPanel\domains\yavid.loc\catalog\controller\mnkitchen\kitchen.php on line 31
2019-05-12 16:01:31 - PHP Notice:  Undefined index: color in C:\mnserver\OSPanel\domains\yavid.loc\catalog\controller\mnkitchen\kitchen.php on line 31
2019-05-12 16:01:31 - PHP Notice:  Undefined index: color in C:\mnserver\OSPanel\domains\yavid.loc\catalog\controller\mnkitchen\kitchen.php on line 31
2019-05-12 16:01:31 - PHP Notice:  Undefined index: color in C:\mnserver\OSPanel\domains\yavid.loc\catalog\controller\mnkitchen\kitchen.php on line 31
2019-05-12 16:01:31 - PHP Notice:  Undefined index: color in C:\mnserver\OSPanel\domains\yavid.loc\catalog\controller\mnkitchen\kitchen.php on line 31
2019-05-12 16:01:31 - PHP Notice:  Undefined index: color in C:\mnserver\OSPanel\domains\yavid.loc\catalog\controller\mnkitchen\kitchen.php on line 31
2019-05-12 16:01:31 - PHP Notice:  Undefined index: color in C:\mnserver\OSPanel\domains\yavid.loc\catalog\controller\mnkitchen\kitchen.php on line 31
2019-05-12 16:01:31 - PHP Notice:  Undefined index: color in C:\mnserver\OSPanel\domains\yavid.loc\catalog\controller\mnkitchen\kitchen.php on line 31
2019-05-12 16:01:31 - PHP Notice:  Undefined index: color in C:\mnserver\OSPanel\domains\yavid.loc\catalog\controller\mnkitchen\kitchen.php on line 31
2019-05-12 16:01:31 - PHP Notice:  Undefined index: color in C:\mnserver\OSPanel\domains\yavid.loc\catalog\controller\mnkitchen\kitchen.php on line 31
2019-05-12 16:01:31 - PHP Notice:  Undefined index: color in C:\mnserver\OSPanel\domains\yavid.loc\catalog\controller\mnkitchen\kitchen.php on line 31
2019-05-12 16:01:31 - PHP Notice:  Undefined index: color in C:\mnserver\OSPanel\domains\yavid.loc\catalog\controller\mnkitchen\kitchen.php on line 31
2019-05-12 16:01:31 - PHP Notice:  Undefined index: color in C:\mnserver\OSPanel\domains\yavid.loc\catalog\controller\mnkitchen\kitchen.php on line 31
2019-05-12 16:01:31 - PHP Notice:  Undefined index: color in C:\mnserver\OSPanel\domains\yavid.loc\catalog\controller\mnkitchen\kitchen.php on line 31
2019-05-12 16:01:31 - PHP Notice:  Undefined index: color in C:\mnserver\OSPanel\domains\yavid.loc\catalog\controller\mnkitchen\kitchen.php on line 31
2019-05-12 16:01:31 - PHP Notice:  Undefined index: color in C:\mnserver\OSPanel\domains\yavid.loc\catalog\controller\mnkitchen\kitchen.php on line 31
2019-05-12 16:01:31 - PHP Notice:  Undefined index: color in C:\mnserver\OSPanel\domains\yavid.loc\catalog\controller\mnkitchen\kitchen.php on line 31
2019-05-12 16:01:31 - PHP Notice:  Undefined index: color in C:\mnserver\OSPanel\domains\yavid.loc\catalog\controller\mnkitchen\kitchen.php on line 31
2019-05-12 16:01:31 - PHP Notice:  Undefined index: color in C:\mnserver\OSPanel\domains\yavid.loc\catalog\controller\mnkitchen\kitchen.php on line 31
2019-05-12 16:01:31 - PHP Notice:  Undefined index: color in C:\mnserver\OSPanel\domains\yavid.loc\catalog\controller\mnkitchen\kitchen.php on line 31
2019-05-12 16:01:31 - PHP Notice:  Undefined index: color in C:\mnserver\OSPanel\domains\yavid.loc\catalog\controller\mnkitchen\kitchen.php on line 31
2019-05-12 16:01:31 - PHP Notice:  Undefined index: color in C:\mnserver\OSPanel\domains\yavid.loc\catalog\controller\mnkitchen\kitchen.php on line 31
2019-05-12 16:01:31 - PHP Notice:  Undefined index: color in C:\mnserver\OSPanel\domains\yavid.loc\catalog\controller\mnkitchen\kitchen.php on line 31
2019-05-12 16:01:31 - PHP Notice:  Undefined index: color in C:\mnserver\OSPanel\domains\yavid.loc\catalog\controller\mnkitchen\kitchen.php on line 31
2019-05-12 16:01:31 - PHP Notice:  Undefined index: color in C:\mnserver\OSPanel\domains\yavid.loc\catalog\controller\mnkitchen\kitchen.php on line 31
2019-05-12 16:01:31 - PHP Notice:  Undefined index: color in C:\mnserver\OSPanel\domains\yavid.loc\catalog\controller\mnkitchen\kitchen.php on line 31
2019-05-12 16:01:31 - PHP Notice:  Undefined index: color in C:\mnserver\OSPanel\domains\yavid.loc\catalog\controller\mnkitchen\kitchen.php on line 31
2019-05-12 16:01:31 - PHP Notice:  Undefined index: color in C:\mnserver\OSPanel\domains\yavid.loc\catalog\controller\mnkitchen\kitchen.php on line 31
2019-05-12 16:01:31 - PHP Notice:  Undefined index: color in C:\mnserver\OSPanel\domains\yavid.loc\catalog\controller\mnkitchen\kitchen.php on line 31
2019-05-12 16:01:31 - PHP Notice:  Undefined index: color in C:\mnserver\OSPanel\domains\yavid.loc\catalog\controller\mnkitchen\kitchen.php on line 31
2019-05-12 16:01:31 - PHP Notice:  Undefined index: color in C:\mnserver\OSPanel\domains\yavid.loc\catalog\controller\mnkitchen\kitchen.php on line 31
2019-05-12 16:01:31 - PHP Notice:  Undefined index: color in C:\mnserver\OSPanel\domains\yavid.loc\catalog\controller\mnkitchen\kitchen.php on line 31
2019-05-12 16:01:31 - PHP Notice:  Undefined index: color in C:\mnserver\OSPanel\domains\yavid.loc\catalog\controller\mnkitchen\kitchen.php on line 31
2019-05-12 16:01:31 - PHP Notice:  Undefined index: color in C:\mnserver\OSPanel\domains\yavid.loc\catalog\controller\mnkitchen\kitchen.php on line 31
2019-05-12 16:01:31 - PHP Notice:  Undefined index: color in C:\mnserver\OSPanel\domains\yavid.loc\catalog\controller\mnkitchen\kitchen.php on line 31
2019-05-12 16:01:31 - PHP Notice:  Undefined index: color in C:\mnserver\OSPanel\domains\yavid.loc\catalog\controller\mnkitchen\kitchen.php on line 31
2019-05-12 16:01:31 - PHP Notice:  Undefined index: color in C:\mnserver\OSPanel\domains\yavid.loc\catalog\controller\mnkitchen\kitchen.php on line 31
2019-05-12 16:01:31 - PHP Notice:  Undefined index: color in C:\mnserver\OSPanel\domains\yavid.loc\catalog\controller\mnkitchen\kitchen.php on line 31
2019-05-12 16:01:31 - PHP Notice:  Undefined index: image in C:\mnserver\OSPanel\domains\yavid.loc\catalog\controller\mnkitchen\kitchen.php on line 35
2019-05-12 16:01:31 - PHP Notice:  Undefined index: image in C:\mnserver\OSPanel\domains\yavid.loc\catalog\controller\mnkitchen\kitchen.php on line 35
2019-05-12 16:01:31 - PHP Notice:  Undefined index: image in C:\mnserver\OSPanel\domains\yavid.loc\catalog\controller\mnkitchen\kitchen.php on line 35
2019-05-12 16:01:31 - PHP Notice:  Undefined index: image in C:\mnserver\OSPanel\domains\yavid.loc\catalog\controller\mnkitchen\kitchen.php on line 35
2019-05-12 16:01:31 - PHP Notice:  Undefined index: image in C:\mnserver\OSPanel\domains\yavid.loc\catalog\controller\mnkitchen\kitchen.php on line 35
2019-05-12 16:01:31 - PHP Notice:  Undefined index: image in C:\mnserver\OSPanel\domains\yavid.loc\catalog\controller\mnkitchen\kitchen.php on line 35
2019-05-12 16:01:31 - PHP Notice:  Undefined index: image in C:\mnserver\OSPanel\domains\yavid.loc\catalog\controller\mnkitchen\kitchen.php on line 35
2019-05-12 16:01:31 - PHP Notice:  Undefined index: image in C:\mnserver\OSPanel\domains\yavid.loc\catalog\controller\mnkitchen\kitchen.php on line 35
2019-05-12 16:01:31 - PHP Notice:  Undefined index: image in C:\mnserver\OSPanel\domains\yavid.loc\catalog\controller\mnkitchen\kitchen.php on line 35
2019-05-12 16:01:31 - PHP Notice:  Undefined index: image in C:\mnserver\OSPanel\domains\yavid.loc\catalog\controller\mnkitchen\kitchen.php on line 35
2019-05-12 16:01:31 - PHP Notice:  Undefined index: image in C:\mnserver\OSPanel\domains\yavid.loc\catalog\controller\mnkitchen\kitchen.php on line 35
2019-05-12 16:01:31 - PHP Notice:  Undefined index: image in C:\mnserver\OSPanel\domains\yavid.loc\catalog\controller\mnkitchen\kitchen.php on line 35
2019-05-12 16:01:31 - PHP Notice:  Undefined index: image in C:\mnserver\OSPanel\domains\yavid.loc\catalog\controller\mnkitchen\kitchen.php on line 35
2019-05-12 16:01:31 - PHP Notice:  Undefined index: image in C:\mnserver\OSPanel\domains\yavid.loc\catalog\controller\mnkitchen\kitchen.php on line 35
2019-05-12 16:01:31 - PHP Notice:  Undefined index: image in C:\mnserver\OSPanel\domains\yavid.loc\catalog\controller\mnkitchen\kitchen.php on line 35
2019-05-12 16:01:31 - PHP Notice:  Undefined index: image in C:\mnserver\OSPanel\domains\yavid.loc\catalog\controller\mnkitchen\kitchen.php on line 35
2019-05-12 16:01:31 - PHP Notice:  Undefined index: image in C:\mnserver\OSPanel\domains\yavid.loc\catalog\controller\mnkitchen\kitchen.php on line 35
2019-05-12 16:01:31 - PHP Notice:  Undefined index: image in C:\mnserver\OSPanel\domains\yavid.loc\catalog\controller\mnkitchen\kitchen.php on line 35
2019-05-12 16:01:31 - PHP Notice:  Undefined index: image in C:\mnserver\OSPanel\domains\yavid.loc\catalog\controller\mnkitchen\kitchen.php on line 35
2019-05-12 16:02:02 - PHP Notice:  Undefined index: color in C:\mnserver\OSPanel\domains\yavid.loc\catalog\controller\mnkitchen\kitchen.php on line 33
2019-05-12 16:02:02 - PHP Notice:  Undefined index: color in C:\mnserver\OSPanel\domains\yavid.loc\catalog\controller\mnkitchen\kitchen.php on line 33
2019-05-12 16:02:02 - PHP Notice:  Undefined index: color in C:\mnserver\OSPanel\domains\yavid.loc\catalog\controller\mnkitchen\kitchen.php on line 33
2019-05-12 16:02:02 - PHP Notice:  Undefined index: color in C:\mnserver\OSPanel\domains\yavid.loc\catalog\controller\mnkitchen\kitchen.php on line 33
2019-05-12 16:02:02 - PHP Notice:  Undefined index: color in C:\mnserver\OSPanel\domains\yavid.loc\catalog\controller\mnkitchen\kitchen.php on line 33
2019-05-12 16:02:02 - PHP Notice:  Undefined index: color in C:\mnserver\OSPanel\domains\yavid.loc\catalog\controller\mnkitchen\kitchen.php on line 33
2019-05-12 16:02:02 - PHP Notice:  Undefined index: color in C:\mnserver\OSPanel\domains\yavid.loc\catalog\controller\mnkitchen\kitchen.php on line 33
2019-05-12 16:02:02 - PHP Notice:  Undefined index: color in C:\mnserver\OSPanel\domains\yavid.loc\catalog\controller\mnkitchen\kitchen.php on line 33
2019-05-12 16:02:02 - PHP Notice:  Undefined index: color in C:\mnserver\OSPanel\domains\yavid.loc\catalog\controller\mnkitchen\kitchen.php on line 33
2019-05-12 16:02:02 - PHP Notice:  Undefined index: color in C:\mnserver\OSPanel\domains\yavid.loc\catalog\controller\mnkitchen\kitchen.php on line 33
2019-05-12 16:02:02 - PHP Notice:  Undefined index: color in C:\mnserver\OSPanel\domains\yavid.loc\catalog\controller\mnkitchen\kitchen.php on line 33
2019-05-12 16:02:02 - PHP Notice:  Undefined index: color in C:\mnserver\OSPanel\domains\yavid.loc\catalog\controller\mnkitchen\kitchen.php on line 33
2019-05-12 16:02:02 - PHP Notice:  Undefined index: color in C:\mnserver\OSPanel\domains\yavid.loc\catalog\controller\mnkitchen\kitchen.php on line 33
2019-05-12 16:02:02 - PHP Notice:  Undefined index: color in C:\mnserver\OSPanel\domains\yavid.loc\catalog\controller\mnkitchen\kitchen.php on line 33
2019-05-12 16:02:02 - PHP Notice:  Undefined index: color in C:\mnserver\OSPanel\domains\yavid.loc\catalog\controller\mnkitchen\kitchen.php on line 33
2019-05-12 16:02:02 - PHP Notice:  Undefined index: color in C:\mnserver\OSPanel\domains\yavid.loc\catalog\controller\mnkitchen\kitchen.php on line 33
2019-05-12 16:02:02 - PHP Notice:  Undefined index: color in C:\mnserver\OSPanel\domains\yavid.loc\catalog\controller\mnkitchen\kitchen.php on line 33
2019-05-12 16:02:02 - PHP Notice:  Undefined index: color in C:\mnserver\OSPanel\domains\yavid.loc\catalog\controller\mnkitchen\kitchen.php on line 33
2019-05-12 16:02:02 - PHP Notice:  Undefined index: color in C:\mnserver\OSPanel\domains\yavid.loc\catalog\controller\mnkitchen\kitchen.php on line 33
2019-05-12 16:02:02 - PHP Notice:  Undefined index: color in C:\mnserver\OSPanel\domains\yavid.loc\catalog\controller\mnkitchen\kitchen.php on line 33
2019-05-12 16:02:02 - PHP Notice:  Undefined index: color in C:\mnserver\OSPanel\domains\yavid.loc\catalog\controller\mnkitchen\kitchen.php on line 33
2019-05-12 16:02:02 - PHP Notice:  Undefined index: color in C:\mnserver\OSPanel\domains\yavid.loc\catalog\controller\mnkitchen\kitchen.php on line 33
2019-05-12 16:02:02 - PHP Notice:  Undefined index: color in C:\mnserver\OSPanel\domains\yavid.loc\catalog\controller\mnkitchen\kitchen.php on line 33
2019-05-12 16:02:02 - PHP Notice:  Undefined index: color in C:\mnserver\OSPanel\domains\yavid.loc\catalog\controller\mnkitchen\kitchen.php on line 33
2019-05-12 16:02:02 - PHP Notice:  Undefined index: color in C:\mnserver\OSPanel\domains\yavid.loc\catalog\controller\mnkitchen\kitchen.php on line 33
2019-05-12 16:02:02 - PHP Notice:  Undefined index: color in C:\mnserver\OSPanel\domains\yavid.loc\catalog\controller\mnkitchen\kitchen.php on line 33
2019-05-12 16:02:02 - PHP Notice:  Undefined index: color in C:\mnserver\OSPanel\domains\yavid.loc\catalog\controller\mnkitchen\kitchen.php on line 33
2019-05-12 16:02:02 - PHP Notice:  Undefined index: color in C:\mnserver\OSPanel\domains\yavid.loc\catalog\controller\mnkitchen\kitchen.php on line 33
2019-05-12 16:02:02 - PHP Notice:  Undefined index: color in C:\mnserver\OSPanel\domains\yavid.loc\catalog\controller\mnkitchen\kitchen.php on line 33
2019-05-12 16:02:02 - PHP Notice:  Undefined index: color in C:\mnserver\OSPanel\domains\yavid.loc\catalog\controller\mnkitchen\kitchen.php on line 33
2019-05-12 16:02:02 - PHP Notice:  Undefined index: color in C:\mnserver\OSPanel\domains\yavid.loc\catalog\controller\mnkitchen\kitchen.php on line 33
2019-05-12 16:02:02 - PHP Notice:  Undefined index: color in C:\mnserver\OSPanel\domains\yavid.loc\catalog\controller\mnkitchen\kitchen.php on line 33
2019-05-12 16:02:02 - PHP Notice:  Undefined index: color in C:\mnserver\OSPanel\domains\yavid.loc\catalog\controller\mnkitchen\kitchen.php on line 33
2019-05-12 16:02:02 - PHP Notice:  Undefined index: color in C:\mnserver\OSPanel\domains\yavid.loc\catalog\controller\mnkitchen\kitchen.php on line 33
2019-05-12 16:02:02 - PHP Notice:  Undefined index: color in C:\mnserver\OSPanel\domains\yavid.loc\catalog\controller\mnkitchen\kitchen.php on line 33
2019-05-12 16:02:02 - PHP Notice:  Undefined index: color in C:\mnserver\OSPanel\domains\yavid.loc\catalog\controller\mnkitchen\kitchen.php on line 33
2019-05-12 16:02:02 - PHP Notice:  Undefined index: color in C:\mnserver\OSPanel\domains\yavid.loc\catalog\controller\mnkitchen\kitchen.php on line 33
2019-05-12 16:02:02 - PHP Notice:  Undefined index: color in C:\mnserver\OSPanel\domains\yavid.loc\catalog\controller\mnkitchen\kitchen.php on line 33
2019-05-12 16:02:02 - PHP Notice:  Undefined index: color in C:\mnserver\OSPanel\domains\yavid.loc\catalog\controller\mnkitchen\kitchen.php on line 33
2019-05-12 16:02:02 - PHP Notice:  Undefined index: color in C:\mnserver\OSPanel\domains\yavid.loc\catalog\controller\mnkitchen\kitchen.php on line 33
2019-05-12 16:02:02 - PHP Notice:  Undefined index: color in C:\mnserver\OSPanel\domains\yavid.loc\catalog\controller\mnkitchen\kitchen.php on line 33
2019-05-12 16:02:02 - PHP Notice:  Undefined index: color in C:\mnserver\OSPanel\domains\yavid.loc\catalog\controller\mnkitchen\kitchen.php on line 33
2019-05-12 16:02:02 - PHP Notice:  Undefined index: color in C:\mnserver\OSPanel\domains\yavid.loc\catalog\controller\mnkitchen\kitchen.php on line 33
2019-05-12 16:02:02 - PHP Notice:  Undefined index: color in C:\mnserver\OSPanel\domains\yavid.loc\catalog\controller\mnkitchen\kitchen.php on line 33
2019-05-12 16:02:02 - PHP Notice:  Undefined index: color in C:\mnserver\OSPanel\domains\yavid.loc\catalog\controller\mnkitchen\kitchen.php on line 33
2019-05-12 16:02:02 - PHP Notice:  Undefined index: color in C:\mnserver\OSPanel\domains\yavid.loc\catalog\controller\mnkitchen\kitchen.php on line 33
2019-05-12 16:02:02 - PHP Notice:  Undefined index: image in C:\mnserver\OSPanel\domains\yavid.loc\catalog\controller\mnkitchen\kitchen.php on line 37
2019-05-12 16:02:02 - PHP Notice:  Undefined index: image in C:\mnserver\OSPanel\domains\yavid.loc\catalog\controller\mnkitchen\kitchen.php on line 37
2019-05-12 16:02:02 - PHP Notice:  Undefined index: image in C:\mnserver\OSPanel\domains\yavid.loc\catalog\controller\mnkitchen\kitchen.php on line 37
2019-05-12 16:02:02 - PHP Notice:  Undefined index: image in C:\mnserver\OSPanel\domains\yavid.loc\catalog\controller\mnkitchen\kitchen.php on line 37
2019-05-12 16:02:02 - PHP Notice:  Undefined index: image in C:\mnserver\OSPanel\domains\yavid.loc\catalog\controller\mnkitchen\kitchen.php on line 37
2019-05-12 16:02:02 - PHP Notice:  Undefined index: image in C:\mnserver\OSPanel\domains\yavid.loc\catalog\controller\mnkitchen\kitchen.php on line 37
2019-05-12 16:02:02 - PHP Notice:  Undefined index: image in C:\mnserver\OSPanel\domains\yavid.loc\catalog\controller\mnkitchen\kitchen.php on line 37
2019-05-12 16:02:02 - PHP Notice:  Undefined index: image in C:\mnserver\OSPanel\domains\yavid.loc\catalog\controller\mnkitchen\kitchen.php on line 37
2019-05-12 16:02:02 - PHP Notice:  Undefined index: image in C:\mnserver\OSPanel\domains\yavid.loc\catalog\controller\mnkitchen\kitchen.php on line 37
2019-05-12 16:02:02 - PHP Notice:  Undefined index: image in C:\mnserver\OSPanel\domains\yavid.loc\catalog\controller\mnkitchen\kitchen.php on line 37
2019-05-12 16:02:02 - PHP Notice:  Undefined index: image in C:\mnserver\OSPanel\domains\yavid.loc\catalog\controller\mnkitchen\kitchen.php on line 37
2019-05-12 16:02:02 - PHP Notice:  Undefined index: image in C:\mnserver\OSPanel\domains\yavid.loc\catalog\controller\mnkitchen\kitchen.php on line 37
2019-05-12 16:02:02 - PHP Notice:  Undefined index: image in C:\mnserver\OSPanel\domains\yavid.loc\catalog\controller\mnkitchen\kitchen.php on line 37
2019-05-12 16:02:02 - PHP Notice:  Undefined index: image in C:\mnserver\OSPanel\domains\yavid.loc\catalog\controller\mnkitchen\kitchen.php on line 37
2019-05-12 16:02:02 - PHP Notice:  Undefined index: image in C:\mnserver\OSPanel\domains\yavid.loc\catalog\controller\mnkitchen\kitchen.php on line 37
2019-05-12 16:02:02 - PHP Notice:  Undefined index: image in C:\mnserver\OSPanel\domains\yavid.loc\catalog\controller\mnkitchen\kitchen.php on line 37
2019-05-12 16:02:02 - PHP Notice:  Undefined index: image in C:\mnserver\OSPanel\domains\yavid.loc\catalog\controller\mnkitchen\kitchen.php on line 37
2019-05-12 16:02:02 - PHP Notice:  Undefined index: image in C:\mnserver\OSPanel\domains\yavid.loc\catalog\controller\mnkitchen\kitchen.php on line 37
2019-05-12 16:02:02 - PHP Notice:  Undefined index: image in C:\mnserver\OSPanel\domains\yavid.loc\catalog\controller\mnkitchen\kitchen.php on line 37
2019-05-12 16:02:08 - PHP Notice:  Undefined index: image in C:\mnserver\OSPanel\domains\yavid.loc\catalog\controller\mnkitchen\kitchen.php on line 37
2019-05-12 16:02:08 - PHP Notice:  Undefined index: image in C:\mnserver\OSPanel\domains\yavid.loc\catalog\controller\mnkitchen\kitchen.php on line 37
2019-05-12 16:02:08 - PHP Notice:  Undefined index: image in C:\mnserver\OSPanel\domains\yavid.loc\catalog\controller\mnkitchen\kitchen.php on line 37
2019-05-12 16:02:08 - PHP Notice:  Undefined index: image in C:\mnserver\OSPanel\domains\yavid.loc\catalog\controller\mnkitchen\kitchen.php on line 37
2019-05-12 16:02:08 - PHP Notice:  Undefined index: image in C:\mnserver\OSPanel\domains\yavid.loc\catalog\controller\mnkitchen\kitchen.php on line 37
2019-05-12 16:02:08 - PHP Notice:  Undefined index: image in C:\mnserver\OSPanel\domains\yavid.loc\catalog\controller\mnkitchen\kitchen.php on line 37
2019-05-12 16:02:08 - PHP Notice:  Undefined index: image in C:\mnserver\OSPanel\domains\yavid.loc\catalog\controller\mnkitchen\kitchen.php on line 37
2019-05-12 16:02:08 - PHP Notice:  Undefined index: image in C:\mnserver\OSPanel\domains\yavid.loc\catalog\controller\mnkitchen\kitchen.php on line 37
2019-05-12 16:02:08 - PHP Notice:  Undefined index: image in C:\mnserver\OSPanel\domains\yavid.loc\catalog\controller\mnkitchen\kitchen.php on line 37
2019-05-12 16:02:08 - PHP Notice:  Undefined index: image in C:\mnserver\OSPanel\domains\yavid.loc\catalog\controller\mnkitchen\kitchen.php on line 37
2019-05-12 16:02:08 - PHP Notice:  Undefined index: image in C:\mnserver\OSPanel\domains\yavid.loc\catalog\controller\mnkitchen\kitchen.php on line 37
2019-05-12 16:02:08 - PHP Notice:  Undefined index: image in C:\mnserver\OSPanel\domains\yavid.loc\catalog\controller\mnkitchen\kitchen.php on line 37
2019-05-12 16:02:08 - PHP Notice:  Undefined index: image in C:\mnserver\OSPanel\domains\yavid.loc\catalog\controller\mnkitchen\kitchen.php on line 37
2019-05-12 16:02:08 - PHP Notice:  Undefined index: image in C:\mnserver\OSPanel\domains\yavid.loc\catalog\controller\mnkitchen\kitchen.php on line 37
2019-05-12 16:02:08 - PHP Notice:  Undefined index: image in C:\mnserver\OSPanel\domains\yavid.loc\catalog\controller\mnkitchen\kitchen.php on line 37
2019-05-12 16:02:08 - PHP Notice:  Undefined index: image in C:\mnserver\OSPanel\domains\yavid.loc\catalog\controller\mnkitchen\kitchen.php on line 37
2019-05-12 16:02:08 - PHP Notice:  Undefined index: image in C:\mnserver\OSPanel\domains\yavid.loc\catalog\controller\mnkitchen\kitchen.php on line 37
2019-05-12 16:02:08 - PHP Notice:  Undefined index: image in C:\mnserver\OSPanel\domains\yavid.loc\catalog\controller\mnkitchen\kitchen.php on line 37
2019-05-12 16:02:08 - PHP Notice:  Undefined index: image in C:\mnserver\OSPanel\domains\yavid.loc\catalog\controller\mnkitchen\kitchen.php on line 37
2019-05-12 16:02:18 - PHP Notice:  Undefined index: image in C:\mnserver\OSPanel\domains\yavid.loc\catalog\controller\mnkitchen\kitchen.php on line 35
2019-05-12 16:02:18 - PHP Notice:  Undefined index: image in C:\mnserver\OSPanel\domains\yavid.loc\catalog\controller\mnkitchen\kitchen.php on line 35
2019-05-12 16:02:18 - PHP Notice:  Undefined index: image in C:\mnserver\OSPanel\domains\yavid.loc\catalog\controller\mnkitchen\kitchen.php on line 35
2019-05-12 16:02:18 - PHP Notice:  Undefined index: image in C:\mnserver\OSPanel\domains\yavid.loc\catalog\controller\mnkitchen\kitchen.php on line 35
2019-05-12 16:02:18 - PHP Notice:  Undefined index: image in C:\mnserver\OSPanel\domains\yavid.loc\catalog\controller\mnkitchen\kitchen.php on line 35
2019-05-12 16:02:18 - PHP Notice:  Undefined index: image in C:\mnserver\OSPanel\domains\yavid.loc\catalog\controller\mnkitchen\kitchen.php on line 35
2019-05-12 16:02:18 - PHP Notice:  Undefined index: image in C:\mnserver\OSPanel\domains\yavid.loc\catalog\controller\mnkitchen\kitchen.php on line 35
2019-05-12 16:02:18 - PHP Notice:  Undefined index: image in C:\mnserver\OSPanel\domains\yavid.loc\catalog\controller\mnkitchen\kitchen.php on line 35
2019-05-12 16:02:18 - PHP Notice:  Undefined index: image in C:\mnserver\OSPanel\domains\yavid.loc\catalog\controller\mnkitchen\kitchen.php on line 35
2019-05-12 16:02:18 - PHP Notice:  Undefined index: image in C:\mnserver\OSPanel\domains\yavid.loc\catalog\controller\mnkitchen\kitchen.php on line 35
2019-05-12 16:02:18 - PHP Notice:  Undefined index: image in C:\mnserver\OSPanel\domains\yavid.loc\catalog\controller\mnkitchen\kitchen.php on line 35
2019-05-12 16:02:18 - PHP Notice:  Undefined index: image in C:\mnserver\OSPanel\domains\yavid.loc\catalog\controller\mnkitchen\kitchen.php on line 35
2019-05-12 16:02:18 - PHP Notice:  Undefined index: image in C:\mnserver\OSPanel\domains\yavid.loc\catalog\controller\mnkitchen\kitchen.php on line 35
2019-05-12 16:02:18 - PHP Notice:  Undefined index: image in C:\mnserver\OSPanel\domains\yavid.loc\catalog\controller\mnkitchen\kitchen.php on line 35
2019-05-12 16:02:18 - PHP Notice:  Undefined index: image in C:\mnserver\OSPanel\domains\yavid.loc\catalog\controller\mnkitchen\kitchen.php on line 35
2019-05-12 16:02:18 - PHP Notice:  Undefined index: image in C:\mnserver\OSPanel\domains\yavid.loc\catalog\controller\mnkitchen\kitchen.php on line 35
2019-05-12 16:02:18 - PHP Notice:  Undefined index: image in C:\mnserver\OSPanel\domains\yavid.loc\catalog\controller\mnkitchen\kitchen.php on line 35
2019-05-12 16:02:18 - PHP Notice:  Undefined index: image in C:\mnserver\OSPanel\domains\yavid.loc\catalog\controller\mnkitchen\kitchen.php on line 35
2019-05-12 16:02:18 - PHP Notice:  Undefined index: image in C:\mnserver\OSPanel\domains\yavid.loc\catalog\controller\mnkitchen\kitchen.php on line 35
2019-05-12 16:02:44 - PHP Notice:  Undefined index: image in C:\mnserver\OSPanel\domains\yavid.loc\catalog\controller\mnkitchen\kitchen.php on line 36
2019-05-12 16:02:44 - PHP Notice:  Undefined index: image in C:\mnserver\OSPanel\domains\yavid.loc\catalog\controller\mnkitchen\kitchen.php on line 36
2019-05-12 16:02:44 - PHP Notice:  Undefined index: image in C:\mnserver\OSPanel\domains\yavid.loc\catalog\controller\mnkitchen\kitchen.php on line 36
2019-05-12 16:02:44 - PHP Notice:  Undefined index: image in C:\mnserver\OSPanel\domains\yavid.loc\catalog\controller\mnkitchen\kitchen.php on line 36
2019-05-12 16:02:44 - PHP Notice:  Undefined index: image in C:\mnserver\OSPanel\domains\yavid.loc\catalog\controller\mnkitchen\kitchen.php on line 36
2019-05-12 16:02:44 - PHP Notice:  Undefined index: image in C:\mnserver\OSPanel\domains\yavid.loc\catalog\controller\mnkitchen\kitchen.php on line 36
2019-05-12 16:02:44 - PHP Notice:  Undefined index: image in C:\mnserver\OSPanel\domains\yavid.loc\catalog\controller\mnkitchen\kitchen.php on line 36
2019-05-12 16:02:44 - PHP Notice:  Undefined index: image in C:\mnserver\OSPanel\domains\yavid.loc\catalog\controller\mnkitchen\kitchen.php on line 36
2019-05-12 16:02:44 - PHP Notice:  Undefined index: image in C:\mnserver\OSPanel\domains\yavid.loc\catalog\controller\mnkitchen\kitchen.php on line 36
2019-05-12 16:02:44 - PHP Notice:  Undefined index: image in C:\mnserver\OSPanel\domains\yavid.loc\catalog\controller\mnkitchen\kitchen.php on line 36
2019-05-12 16:02:44 - PHP Notice:  Undefined index: image in C:\mnserver\OSPanel\domains\yavid.loc\catalog\controller\mnkitchen\kitchen.php on line 36
2019-05-12 16:02:44 - PHP Notice:  Undefined index: image in C:\mnserver\OSPanel\domains\yavid.loc\catalog\controller\mnkitchen\kitchen.php on line 36
2019-05-12 16:02:44 - PHP Notice:  Undefined index: image in C:\mnserver\OSPanel\domains\yavid.loc\catalog\controller\mnkitchen\kitchen.php on line 36
2019-05-12 16:02:44 - PHP Notice:  Undefined index: image in C:\mnserver\OSPanel\domains\yavid.loc\catalog\controller\mnkitchen\kitchen.php on line 36
2019-05-12 16:02:44 - PHP Notice:  Undefined index: image in C:\mnserver\OSPanel\domains\yavid.loc\catalog\controller\mnkitchen\kitchen.php on line 36
2019-05-12 16:02:44 - PHP Notice:  Undefined index: image in C:\mnserver\OSPanel\domains\yavid.loc\catalog\controller\mnkitchen\kitchen.php on line 36
2019-05-12 16:02:44 - PHP Notice:  Undefined index: image in C:\mnserver\OSPanel\domains\yavid.loc\catalog\controller\mnkitchen\kitchen.php on line 36
2019-05-12 16:02:44 - PHP Notice:  Undefined index: image in C:\mnserver\OSPanel\domains\yavid.loc\catalog\controller\mnkitchen\kitchen.php on line 36
2019-05-12 16:02:44 - PHP Notice:  Undefined index: image in C:\mnserver\OSPanel\domains\yavid.loc\catalog\controller\mnkitchen\kitchen.php on line 36
2019-05-12 17:17:48 - PHP Notice:  Undefined index: original_id in C:\mnserver\OSPanel\domains\yavid.loc\admin\controller\mnkitchen\kitchen.php on line 31
2019-05-12 17:18:31 - PHP Notice:  Undefined index: original_id in C:\mnserver\OSPanel\domains\yavid.loc\admin\controller\mnkitchen\kitchen.php on line 31
2019-05-12 17:22:49 - PHP Notice:  Undefined index: kitchen_id in C:\mnserver\OSPanel\domains\yavid.loc\catalog\controller\mnkitchen\kitchen.php on line 10
2019-05-12 17:23:24 - PHP Notice:  Undefined index: kitchen_id in C:\mnserver\OSPanel\domains\yavid.loc\catalog\controller\mnkitchen\kitchen.php on line 11
2019-05-12 18:00:47 - PHP Notice:  Undefined index: category_id in C:\mnserver\OSPanel\domains\yavid.loc\catalog\controller\product\category.php on line 63
2019-05-13 15:59:18 - PHP Notice:  Undefined index: path in C:\mnserver\OSPanel\domains\yavid.loc\catalog\controller\mnkitchen\kitchen.php on line 21
2019-05-13 15:59:18 - PHP Notice:  Undefined index: name in C:\mnserver\OSPanel\domains\yavid.loc\catalog\controller\mnkitchen\kitchen.php on line 29
2019-05-13 15:59:18 - PHP Notice:  Undefined index: path in C:\mnserver\OSPanel\domains\yavid.loc\catalog\controller\mnkitchen\kitchen.php on line 30
2019-05-13 16:03:09 - PHP Notice:  Undefined index: path in C:\mnserver\OSPanel\domains\yavid.loc\catalog\controller\mnkitchen\kitchen.php on line 37
2019-05-13 16:04:26 - PHP Notice:  Undefined index: path in C:\mnserver\OSPanel\domains\yavid.loc\catalog\controller\mnkitchen\kitchen.php on line 37
